<?xml version="1.0" encoding="UTF-8"?>
<testsuite name="ed_wantuil.java_docker_sample.LoanTest" tests="1" skipped="0" failures="0" errors="0" timestamp="2024-12-10T16:38:13" hostname="Eds-MacBook-Air.local" time="0.118">
  <properties/>
  <testcase name="createBookTest()" classname="ed_wantuil.java_docker_sample.LoanTest" time="0.118"/>
  <system-out><![CDATA[2024-12-10T13:38:13.495-03:00  INFO 53385 --- [java-docker-sample] [    Test worker] t.c.s.AnnotationConfigContextLoaderUtils : Could not detect default configuration classes for test class [ed_wantuil.java_docker_sample.LoanTest]: LoanTest does not declare any static, non-private, non-final, nested classes annotated with @Configuration.
2024-12-10T13:38:13.497-03:00  INFO 53385 --- [java-docker-sample] [    Test worker] .b.t.c.SpringBootTestContextBootstrapper : Found @SpringBootConfiguration ed_wantuil.java_docker_sample.Application for test class ed_wantuil.java_docker_sample.LoanTest
Hibernate: select m1_0.id,m1_0.address,m1_0.email,m1_0.name,m1_0.phone from member m1_0 where m1_0.id=?
Hibernate: select b1_0.id,b1_0.author,b1_0.genre,b1_0.isbn,b1_0.status,b1_0.title from book b1_0 where b1_0.id=?
Hibernate: insert into loan (book_id,due_date,loan_date,member_id,status,id) values (?,?,?,?,?,?)
]]></system-out>
  <system-err><![CDATA[]]></system-err>
</testsuite>
